<?xml version="1.0" encoding="UTF-8"?>
<testsuite xmlns:xsi="http://www.w3.org/2001/XMLSchema-instance" xsi:noNamespaceSchemaLocation="https://maven.apache.org/surefire/maven-surefire-plugin/xsd/surefire-test-report.xsd" version="3.0.2" name="com.dbtraining.reconx.audit.AuditAutoConfigurationTest" time="2.958" tests="2" errors="0" skipped="0" failures="0">
  <properties>
[...]
</properties>
  <testcase name="backsOffWhenDisabledByProperty" classname="com.dbtraining.reconx.audit.AuditAutoConfigurationTest" time="1.457"/>
  <testcase name="autoConfiguresPublisherWhenEnabledByDefault" classname="com.dbtraining.reconx.audit.AuditAutoConfigurationTest" time="0.696"/>
</testsuite>